<?xml version="1.0" encoding="UTF-8"?>
<!-- Generated by org.testng.reporters.JUnitReportReporter -->
<testsuite skipped="0" hostname="LAPTOP-BQDQ1OH6" name="TestCases.FindUpdate" tests="1" failures="0" timestamp="07 Apr 2020 14:49:24 GMT" time="22.814" errors="0">
  <testcase name="Update" time="22.814" classname="TestCases.FindUpdate"/>
</testsuite> <!-- TestCases.FindUpdate -->
