<?xml version="1.0" encoding="UTF-8"?>
<!-- Generated by org.testng.reporters.JUnitReportReporter -->
<testsuite skipped="0" hostname="LAPTOP-BQDQ1OH6" name="TestCases.LoginWithoutFindBy" tests="1" failures="0" timestamp="07 Apr 2020 14:16:30 GMT" time="18.103" errors="0">
  <testcase name="login" time="18.103" classname="TestCases.LoginWithoutFindBy"/>
</testsuite> <!-- TestCases.LoginWithoutFindBy -->
